{
"contracts\\AuctionFactory.sol":{"l":{"30":10,"31":10,"32":10,"34":10,"38":12,"39":12,"45":12,"46":12,"47":12,"48":12,"53":1,"61":1,"67":1,"73":1,"74":1,"76":1,"77":1,"82":0,"83":0,"84":0,"88":0,"92":0,"96":0,"100":2,"105":0,"109":0},"path":"F:\\计算机学习资料\\Solidity学习\\Solidity\\Task_3\\contracts\\AuctionFactory.sol","s":{"1":12,"2":12,"3":12,"4":12,"5":12,"6":1,"7":1,"8":1,"9":1,"10":1,"11":1,"12":0,"13":0,"14":0,"15":2,"16":0,"17":0},"b":{"1":[12,0],"2":[1,0],"3":[0,0],"4":[0,0],"5":[0,0],"6":[0,0],"7":[0,0]},"f":{"1":10,"2":12,"3":1,"4":0,"5":0,"6":0,"7":0,"8":2,"9":0,"10":0},"fnMap":{"1":{"name":"constructor","line":28,"loc":{"start":{"line":28,"column":4},"end":{"line":35,"column":4}}},"2":{"name":"createAuction","line":37,"loc":{"start":{"line":37,"column":4},"end":{"line":49,"column":4}}},"3":{"name":"createAuctionWithTransparentProxy","line":52,"loc":{"start":{"line":52,"column":4},"end":{"line":78,"column":4}}},"4":{"name":"updateImplementation","line":81,"loc":{"start":{"line":81,"column":4},"end":{"line":85,"column":4}}},"5":{"name":"updateDefaultPriceFeed","line":87,"loc":{"start":{"line":87,"column":4},"end":{"line":89,"column":4}}},"6":{"name":"updateDefaultCcipRouter","line":91,"loc":{"start":{"line":91,"column":5},"end":{"line":93,"column":4}}},"7":{"name":"getAuctions","line":95,"loc":{"start":{"line":95,"column":4},"end":{"line":97,"column":4}}},"8":{"name":"getAuctionCount","line":99,"loc":{"start":{"line":99,"column":4},"end":{"line":101,"column":4}}},"9":{"name":"pause","line":104,"loc":{"start":{"line":104,"column":4},"end":{"line":106,"column":4}}},"10":{"name":"unpause","line":108,"loc":{"start":{"line":108,"column":4},"end":{"line":110,"column":4}}}},"statementMap":{"1":{"start":{"line":38,"column":8},"end":{"line":38,"column":46}},"2":{"start":{"line":39,"column":8},"end":{"line":39,"column":95}},"3":{"start":{"line":45,"column":8},"end":{"line":45,"column":30}},"4":{"start":{"line":47,"column":8},"end":{"line":47,"column":47}},"5":{"start":{"line":48,"column":8},"end":{"line":48,"column":20}},"6":{"start":{"line":53,"column":8},"end":{"line":53,"column":2173}},"7":{"start":{"line":61,"column":8},"end":{"line":61,"column":2423}},"8":{"start":{"line":67,"column":8},"end":{"line":67,"column":45}},"9":{"start":{"line":73,"column":8},"end":{"line":73,"column":37}},"10":{"start":{"line":76,"column":8},"end":{"line":76,"column":54}},"11":{"start":{"line":77,"column":8},"end":{"line":77,"column":27}},"12":{"start":{"line":82,"column":8},"end":{"line":82,"column":50}},"13":{"start":{"line":84,"column":8},"end":{"line":84,"column":73}},"14":{"start":{"line":96,"column":8},"end":{"line":96,"column":26}},"15":{"start":{"line":100,"column":8},"end":{"line":100,"column":33}},"16":{"start":{"line":105,"column":8},"end":{"line":105,"column":15}},"17":{"start":{"line":109,"column":8},"end":{"line":109,"column":17}}},"branchMap":{"1":{"line":37,"type":"if","locations":[{"start":{"line":37,"column":56},"end":{"line":37,"column":56}},{"start":{"line":37,"column":56},"end":{"line":37,"column":56}}]},"2":{"line":52,"type":"if","locations":[{"start":{"line":52,"column":76},"end":{"line":52,"column":76}},{"start":{"line":52,"column":76},"end":{"line":52,"column":76}}]},"3":{"line":81,"type":"if","locations":[{"start":{"line":81,"column":71},"end":{"line":81,"column":71}},{"start":{"line":81,"column":71},"end":{"line":81,"column":71}}]},"4":{"line":87,"type":"if","locations":[{"start":{"line":87,"column":68},"end":{"line":87,"column":68}},{"start":{"line":87,"column":68},"end":{"line":87,"column":68}}]},"5":{"line":91,"type":"if","locations":[{"start":{"line":91,"column":68},"end":{"line":91,"column":68}},{"start":{"line":91,"column":68},"end":{"line":91,"column":68}}]},"6":{"line":104,"type":"if","locations":[{"start":{"line":104,"column":30},"end":{"line":104,"column":30}},{"start":{"line":104,"column":30},"end":{"line":104,"column":30}}]},"7":{"line":108,"type":"if","locations":[{"start":{"line":108,"column":32},"end":{"line":108,"column":32}},{"start":{"line":108,"column":32},"end":{"line":108,"column":32}}]}}},
"contracts\\AuctionHandler.sol":{"l":{"31":3,"32":3,"34":3,"35":3,"36":3,"39":3,"41":3,"42":2,"45":1,"48":3,"49":0,"50":0,"52":0,"56":3,"57":3,"58":3,"60":3,"64":1,"65":1,"67":1,"69":1,"70":1,"71":1,"73":1,"75":1,"76":1,"77":1,"79":0,"80":0,"83":1,"84":1,"86":0,"87":0},"path":"F:\\计算机学习资料\\Solidity学习\\Solidity\\Task_3\\contracts\\AuctionHandler.sol","s":{"1":3,"2":3,"3":3,"4":3,"5":3,"6":3,"7":3,"8":2,"9":1,"10":3,"11":0,"12":0,"13":0,"14":3,"15":1,"16":1,"17":1,"18":1,"19":1,"20":1,"21":1,"22":1,"23":1,"24":0,"25":0,"26":1,"27":1,"28":0,"29":0},"b":{"1":[3,0],"2":[3,0],"3":[2,1],"4":[2,0],"5":[0,3],"6":[0,0],"7":[1,0],"8":[1,0],"9":[1,0]},"f":{"1":3,"2":1},"fnMap":{"1":{"name":"placeBid","line":30,"loc":{"start":{"line":30,"column":4},"end":{"line":61,"column":4}}},"2":{"name":"endAuction","line":63,"loc":{"start":{"line":63,"column":4},"end":{"line":89,"column":4}}}},"statementMap":{"1":{"start":{"line":31,"column":8},"end":{"line":31,"column":54}},"2":{"start":{"line":32,"column":8},"end":{"line":32,"column":113}},"3":{"start":{"line":34,"column":8},"end":{"line":34,"column":104}},"4":{"start":{"line":35,"column":8},"end":{"line":35,"column":129}},"5":{"start":{"line":36,"column":8},"end":{"line":36,"column":129}},"6":{"start":{"line":39,"column":8},"end":{"line":39,"column":81}},"7":{"start":{"line":41,"column":8},"end":{"line":41,"column":1952}},"8":{"start":{"line":42,"column":12},"end":{"line":42,"column":60}},"9":{"start":{"line":45,"column":12},"end":{"line":45,"column":81}},"10":{"start":{"line":48,"column":8},"end":{"line":48,"column":2173}},"11":{"start":{"line":49,"column":12},"end":{"line":49,"column":2229}},"12":{"start":{"line":50,"column":16},"end":{"line":50,"column":75}},"13":{"start":{"line":52,"column":16},"end":{"line":52,"column":94}},"14":{"start":{"line":60,"column":8},"end":{"line":60,"column":68}},"15":{"start":{"line":64,"column":8},"end":{"line":64,"column":54}},"16":{"start":{"line":65,"column":8},"end":{"line":65,"column":57}},"17":{"start":{"line":69,"column":8},"end":{"line":69,"column":3016}},"18":{"start":{"line":70,"column":12},"end":{"line":70,"column":79}},"19":{"start":{"line":71,"column":12},"end":{"line":71,"column":63}},"20":{"start":{"line":73,"column":12},"end":{"line":73,"column":109}},"21":{"start":{"line":75,"column":12},"end":{"line":75,"column":3337}},"22":{"start":{"line":76,"column":15},"end":{"line":76,"column":61}},"23":{"start":{"line":77,"column":15},"end":{"line":77,"column":56}},"24":{"start":{"line":79,"column":15},"end":{"line":79,"column":80}},"25":{"start":{"line":80,"column":15},"end":{"line":80,"column":75}},"26":{"start":{"line":83,"column":12},"end":{"line":83,"column":84}},"27":{"start":{"line":84,"column":12},"end":{"line":84,"column":74}},"28":{"start":{"line":86,"column":12},"end":{"line":86,"column":102}},"29":{"start":{"line":87,"column":12},"end":{"line":87,"column":56}}},"branchMap":{"1":{"line":32,"type":"if","locations":[{"start":{"line":32,"column":8},"end":{"line":32,"column":8}},{"start":{"line":32,"column":8},"end":{"line":32,"column":8}}]},"2":{"line":39,"type":"if","locations":[{"start":{"line":39,"column":8},"end":{"line":39,"column":8}},{"start":{"line":39,"column":8},"end":{"line":39,"column":8}}]},"3":{"line":41,"type":"if","locations":[{"start":{"line":41,"column":8},"end":{"line":41,"column":8}},{"start":{"line":41,"column":8},"end":{"line":41,"column":8}}]},"4":{"line":42,"type":"if","locations":[{"start":{"line":42,"column":12},"end":{"line":42,"column":12}},{"start":{"line":42,"column":12},"end":{"line":42,"column":12}}]},"5":{"line":48,"type":"if","locations":[{"start":{"line":48,"column":8},"end":{"line":48,"column":8}},{"start":{"line":48,"column":8},"end":{"line":48,"column":8}}]},"6":{"line":49,"type":"if","locations":[{"start":{"line":49,"column":12},"end":{"line":49,"column":12}},{"start":{"line":49,"column":12},"end":{"line":49,"column":12}}]},"7":{"line":65,"type":"if","locations":[{"start":{"line":65,"column":8},"end":{"line":65,"column":8}},{"start":{"line":65,"column":8},"end":{"line":65,"column":8}}]},"8":{"line":69,"type":"if","locations":[{"start":{"line":69,"column":8},"end":{"line":69,"column":8}},{"start":{"line":69,"column":8},"end":{"line":69,"column":8}}]},"9":{"line":75,"type":"if","locations":[{"start":{"line":75,"column":12},"end":{"line":75,"column":12}},{"start":{"line":75,"column":12},"end":{"line":75,"column":12}}]}}},
"contracts\\CrossChainHandler.sol":{"l":{"32":13,"34":13,"35":13,"36":13,"37":13,"41":0,"43":0,"44":0,"46":0,"49":0,"63":0,"65":0,"66":0,"68":0,"71":0,"73":0,"82":0,"86":0,"88":0,"91":0,"100":0,"101":0,"105":0,"106":0,"108":0,"109":0,"110":0,"111":0,"114":0,"115":0,"116":0,"118":0,"119":0,"120":0,"121":0,"123":0,"127":0,"128":0,"129":0,"131":0,"134":0,"135":0,"139":0,"140":0,"141":0,"145":0,"149":0,"153":0,"157":0},"path":"F:\\计算机学习资料\\Solidity学习\\Solidity\\Task_3\\contracts\\CrossChainHandler.sol","s":{"1":0,"2":0,"3":0,"4":0,"5":0,"6":0,"7":0,"8":0,"9":0,"10":0,"11":0,"12":0,"13":0,"14":0,"15":0,"16":0,"17":0,"18":0,"19":0,"20":0,"21":0,"22":0,"23":0,"24":0,"25":0,"26":0,"27":0,"28":0,"29":0,"30":0,"31":0,"32":0,"33":0,"34":0},"b":{"1":[0,0],"2":[0,0],"3":[0,0],"4":[0,0],"5":[0,0],"6":[0,0],"7":[0,0],"8":[0,0],"9":[0,0],"10":[0,0],"11":[0,0],"12":[0,0],"13":[0,0],"14":[0,0]},"f":{"1":13,"2":0,"3":0,"4":0,"5":0,"6":0,"7":0,"8":0,"9":0},"fnMap":{"1":{"name":"initializeCCIP","line":31,"loc":{"start":{"line":31,"column":5},"end":{"line":38,"column":4}}},"2":{"name":"sendCrossChainBid","line":40,"loc":{"start":{"line":40,"column":5},"end":{"line":83,"column":4}}},"3":{"name":"receiveCrossChainMessage","line":85,"loc":{"start":{"line":85,"column":4},"end":{"line":102,"column":4}}},"4":{"name":"executeCrossChainBid","line":104,"loc":{"start":{"line":104,"column":4},"end":{"line":136,"column":4}}},"5":{"name":"markBidExecuted","line":138,"loc":{"start":{"line":138,"column":4},"end":{"line":142,"column":4}}},"6":{"name":"getCrossChainBid","line":144,"loc":{"start":{"line":144,"column":4},"end":{"line":146,"column":4}}},"7":{"name":"setAllowedSourceChain","line":148,"loc":{"start":{"line":148,"column":5},"end":{"line":150,"column":4}}},"8":{"name":"setCCIPRouter","line":152,"loc":{"start":{"line":152,"column":4},"end":{"line":154,"column":4}}},"9":{"name":"isSourceChainAllowde","line":156,"loc":{"start":{"line":156,"column":4},"end":{"line":158,"column":4}}}},"statementMap":{"1":{"start":{"line":41,"column":8},"end":{"line":41,"column":74}},"2":{"start":{"line":43,"column":8},"end":{"line":43,"column":1697}},"3":{"start":{"line":44,"column":12},"end":{"line":44,"column":81}},"4":{"start":{"line":46,"column":12},"end":{"line":46,"column":65}},"5":{"start":{"line":49,"column":8},"end":{"line":49,"column":1929}},"6":{"start":{"line":63,"column":8},"end":{"line":63,"column":77}},"7":{"start":{"line":65,"column":8},"end":{"line":65,"column":2542}},"8":{"start":{"line":66,"column":12},"end":{"line":66,"column":86}},"9":{"start":{"line":68,"column":12},"end":{"line":68,"column":70}},"10":{"start":{"line":71,"column":8},"end":{"line":71,"column":98}},"11":{"start":{"line":82,"column":8},"end":{"line":82,"column":24}},"12":{"start":{"line":86,"column":8},"end":{"line":86,"column":92}},"13":{"start":{"line":88,"column":8},"end":{"line":88,"column":142}},"14":{"start":{"line":100,"column":8},"end":{"line":100,"column":98}},"15":{"start":{"line":101,"column":8},"end":{"line":101,"column":32}},"16":{"start":{"line":105,"column":8},"end":{"line":105,"column":65}},"17":{"start":{"line":106,"column":8},"end":{"line":106,"column":52}},"18":{"start":{"line":108,"column":8},"end":{"line":108,"column":72}},"19":{"start":{"line":109,"column":8},"end":{"line":109,"column":4504}},"20":{"start":{"line":111,"column":12},"end":{"line":111,"column":18}},"21":{"start":{"line":114,"column":8},"end":{"line":114,"column":110}},"22":{"start":{"line":115,"column":8},"end":{"line":115,"column":129}},"23":{"start":{"line":116,"column":8},"end":{"line":116,"column":129}},"24":{"start":{"line":118,"column":8},"end":{"line":118,"column":5060}},"25":{"start":{"line":119,"column":12},"end":{"line":119,"column":5134}},"26":{"start":{"line":120,"column":16},"end":{"line":120,"column":5194}},"27":{"start":{"line":121,"column":20},"end":{"line":121,"column":79}},"28":{"start":{"line":123,"column":20},"end":{"line":123,"column":98}},"29":{"start":{"line":131,"column":12},"end":{"line":131,"column":83}},"30":{"start":{"line":135,"column":8},"end":{"line":135,"column":60}},"31":{"start":{"line":139,"column":8},"end":{"line":139,"column":79}},"32":{"start":{"line":141,"column":8},"end":{"line":141,"column":86}},"33":{"start":{"line":145,"column":8},"end":{"line":145,"column":45}},"34":{"start":{"line":157,"column":8},"end":{"line":157,"column":48}}},"branchMap":{"1":{"line":41,"type":"if","locations":[{"start":{"line":41,"column":8},"end":{"line":41,"column":8}},{"start":{"line":41,"column":8},"end":{"line":41,"column":8}}]},"2":{"line":43,"type":"if","locations":[{"start":{"line":43,"column":8},"end":{"line":43,"column":8}},{"start":{"line":43,"column":8},"end":{"line":43,"column":8}}]},"3":{"line":46,"type":"if","locations":[{"start":{"line":46,"column":12},"end":{"line":46,"column":12}},{"start":{"line":46,"column":12},"end":{"line":46,"column":12}}]},"4":{"line":65,"type":"if","locations":[{"start":{"line":65,"column":8},"end":{"line":65,"column":8}},{"start":{"line":65,"column":8},"end":{"line":65,"column":8}}]},"5":{"line":66,"type":"if","locations":[{"start":{"line":66,"column":12},"end":{"line":66,"column":12}},{"start":{"line":66,"column":12},"end":{"line":66,"column":12}}]},"6":{"line":68,"type":"if","locations":[{"start":{"line":68,"column":12},"end":{"line":68,"column":12}},{"start":{"line":68,"column":12},"end":{"line":68,"column":12}}]},"7":{"line":86,"type":"if","locations":[{"start":{"line":86,"column":8},"end":{"line":86,"column":8}},{"start":{"line":86,"column":8},"end":{"line":86,"column":8}}]},"8":{"line":106,"type":"if","locations":[{"start":{"line":106,"column":8},"end":{"line":106,"column":8}},{"start":{"line":106,"column":8},"end":{"line":106,"column":8}}]},"9":{"line":109,"type":"if","locations":[{"start":{"line":109,"column":8},"end":{"line":109,"column":8}},{"start":{"line":109,"column":8},"end":{"line":109,"column":8}}]},"10":{"line":109,"type":"cond-expr","locations":[{"start":{"line":109,"column":11},"end":{"line":109,"column":25}},{"start":{"line":109,"column":28},"end":{"line":109,"column":77}}]},"11":{"line":118,"type":"if","locations":[{"start":{"line":118,"column":8},"end":{"line":118,"column":8}},{"start":{"line":118,"column":8},"end":{"line":118,"column":8}}]},"12":{"line":119,"type":"if","locations":[{"start":{"line":119,"column":12},"end":{"line":119,"column":12}},{"start":{"line":119,"column":12},"end":{"line":119,"column":12}}]},"13":{"line":120,"type":"if","locations":[{"start":{"line":120,"column":16},"end":{"line":120,"column":16}},{"start":{"line":120,"column":16},"end":{"line":120,"column":16}}]},"14":{"line":139,"type":"if","locations":[{"start":{"line":139,"column":8},"end":{"line":139,"column":8}},{"start":{"line":139,"column":8},"end":{"line":139,"column":8}}]}}},
"contracts\\Mocks\\MockCCIPRouter.sol":{"l":{"10":0,"12":0,"14":0,"18":0},"path":"F:\\计算机学习资料\\Solidity学习\\Solidity\\Task_3\\contracts\\Mocks\\MockCCIPRouter.sol","s":{"1":0,"2":0,"3":0,"4":0},"b":{},"f":{"1":0,"2":0},"fnMap":{"1":{"name":"ccipSend","line":9,"loc":{"start":{"line":9,"column":4},"end":{"line":15,"column":4}}},"2":{"name":"getFee","line":17,"loc":{"start":{"line":17,"column":4},"end":{"line":19,"column":4}}}},"statementMap":{"1":{"start":{"line":10,"column":8},"end":{"line":10,"column":99}},"2":{"start":{"line":12,"column":8},"end":{"line":12,"column":60}},"3":{"start":{"line":14,"column":8},"end":{"line":14,"column":24}},"4":{"start":{"line":18,"column":8},"end":{"line":18,"column":25}}},"branchMap":{}},
"contracts\\Mocks\\MockERC20.sol":{"l":{"10":10,"14":0,"18":20},"path":"F:\\计算机学习资料\\Solidity学习\\Solidity\\Task_3\\contracts\\Mocks\\MockERC20.sol","s":{"1":0,"2":20},"b":{},"f":{"1":10,"2":0,"3":20},"fnMap":{"1":{"name":"constructor","line":9,"loc":{"start":{"line":9,"column":4},"end":{"line":11,"column":4}}},"2":{"name":"decimals","line":13,"loc":{"start":{"line":13,"column":4},"end":{"line":15,"column":4}}},"3":{"name":"mint","line":17,"loc":{"start":{"line":17,"column":4},"end":{"line":19,"column":4}}}},"statementMap":{"1":{"start":{"line":14,"column":8},"end":{"line":14,"column":24}},"2":{"start":{"line":18,"column":8},"end":{"line":18,"column":23}}},"branchMap":{}},
"contracts\\Mocks\\MockPriceFeed.sol":{"l":{"9":20,"10":20,"14":16,"18":16,"22":20},"path":"F:\\计算机学习资料\\Solidity学习\\Solidity\\Task_3\\contracts\\Mocks\\MockPriceFeed.sol","s":{"1":16,"2":16},"b":{},"f":{"1":20,"2":16,"3":16,"4":20},"fnMap":{"1":{"name":"constructor","line":8,"loc":{"start":{"line":8,"column":4},"end":{"line":11,"column":4}}},"2":{"name":"latestRoundData","line":13,"loc":{"start":{"line":13,"column":4},"end":{"line":15,"column":4}}},"3":{"name":"decimals","line":17,"loc":{"start":{"line":17,"column":4},"end":{"line":19,"column":4}}},"4":{"name":"setPrice","line":21,"loc":{"start":{"line":21,"column":4},"end":{"line":23,"column":4}}}},"statementMap":{"1":{"start":{"line":14,"column":8},"end":{"line":14,"column":58}},"2":{"start":{"line":18,"column":8},"end":{"line":18,"column":24}}},"branchMap":{}},
"contracts\\NFT.sol":{"l":{"23":10,"24":10,"25":10,"31":11,"32":11,"33":11,"39":0,"44":0,"48":0,"52":0},"path":"F:\\计算机学习资料\\Solidity学习\\Solidity\\Task_3\\contracts\\NFT.sol","s":{"1":10,"2":10,"3":10,"4":11,"5":11,"6":0,"7":0,"8":0,"9":0},"b":{"1":[11,0],"2":[0,0],"3":[0,0]},"f":{"1":10,"2":11,"3":0,"4":0,"5":0,"6":0},"fnMap":{"1":{"name":"constructor","line":20,"loc":{"start":{"line":20,"column":4},"end":{"line":26,"column":4}}},"2":{"name":"mintNFT","line":29,"loc":{"start":{"line":29,"column":4},"end":{"line":35,"column":4}}},"3":{"name":"addMinter","line":38,"loc":{"start":{"line":38,"column":4},"end":{"line":40,"column":4}}},"4":{"name":"removeMinter","line":43,"loc":{"start":{"line":43,"column":4},"end":{"line":45,"column":4}}},"5":{"name":"tokenURI","line":47,"loc":{"start":{"line":47,"column":4},"end":{"line":49,"column":4}}},"6":{"name":"supportsInterface","line":51,"loc":{"start":{"line":51,"column":4},"end":{"line":53,"column":4}}}},"statementMap":{"1":{"start":{"line":23,"column":8},"end":{"line":23,"column":49}},"2":{"start":{"line":24,"column":8},"end":{"line":24,"column":41}},"3":{"start":{"line":25,"column":8},"end":{"line":25,"column":42}},"4":{"start":{"line":31,"column":8},"end":{"line":31,"column":34}},"5":{"start":{"line":32,"column":8},"end":{"line":32,"column":44}},"6":{"start":{"line":39,"column":8},"end":{"line":39,"column":37}},"7":{"start":{"line":44,"column":8},"end":{"line":44,"column":38}},"8":{"start":{"line":48,"column":8},"end":{"line":48,"column":38}},"9":{"start":{"line":52,"column":8},"end":{"line":52,"column":51}}},"branchMap":{"1":{"line":29,"type":"if","locations":[{"start":{"line":29,"column":67},"end":{"line":29,"column":67}},{"start":{"line":29,"column":67},"end":{"line":29,"column":67}}]},"2":{"line":38,"type":"if","locations":[{"start":{"line":38,"column":48},"end":{"line":38,"column":48}},{"start":{"line":38,"column":48},"end":{"line":38,"column":48}}]},"3":{"line":43,"type":"if","locations":[{"start":{"line":43,"column":51},"end":{"line":43,"column":51}},{"start":{"line":43,"column":51},"end":{"line":43,"column":51}}]}}},
"contracts\\NFTAuction.sol":{"l":{"51":13,"52":13,"53":13,"54":13,"56":13,"57":13,"58":13,"60":13,"61":13,"62":13,"63":13,"65":13,"66":13,"67":13,"71":10,"76":0,"77":0,"80":0,"81":0,"82":0,"83":0,"88":7,"96":4,"97":4,"98":4,"100":4,"101":4,"102":4,"104":4,"106":4,"109":4,"127":4,"128":4,"133":3,"137":1,"138":1,"139":1,"148":0,"152":0,"153":0,"154":0,"159":0,"163":0,"167":0,"171":1,"175":0,"179":0,"180":0,"182":0,"187":0},"path":"F:\\计算机学习资料\\Solidity学习\\Solidity\\Task_3\\contracts\\NFTAuction.sol","s":{"1":13,"2":13,"3":13,"4":13,"5":13,"6":13,"7":13,"8":13,"9":0,"10":0,"11":7,"12":4,"13":4,"14":4,"15":4,"16":4,"17":4,"18":4,"19":4,"20":4,"21":3,"22":1,"23":1,"24":1,"25":0,"26":0,"27":0,"28":0,"29":0,"30":0,"31":0,"32":1,"33":0,"34":0,"35":0,"36":0,"37":0},"b":{"1":[13,0],"2":[10,1],"3":[0,0],"4":[0,0],"5":[0,0],"6":[4,1],"7":[4,0],"8":[4,0],"9":[4,0],"10":[4,0],"11":[3,1],"12":[4,0],"13":[4,0],"14":[0,4],"15":[3,0],"16":[3,0],"17":[1,0],"18":[1,0],"19":[1,0],"20":[0,0],"21":[0,0],"22":[0,0],"23":[0,0],"24":[0,0],"25":[0,0],"26":[0,0],"27":[1,1],"28":[0,0],"29":[0,0],"30":[0,0],"31":[0,0],"32":[0,0]},"f":{"1":13,"2":10,"3":0,"4":7,"5":4,"6":3,"7":1,"8":0,"9":0,"10":0,"11":0,"12":0,"13":1,"14":0,"15":0,"16":0,"17":0,"18":0},"fnMap":{"1":{"name":"initialize","line":50,"loc":{"start":{"line":50,"column":4},"end":{"line":68,"column":4}}},"2":{"name":"setPriceFeed","line":70,"loc":{"start":{"line":70,"column":4},"end":{"line":72,"column":4}}},"3":{"name":"setFeeParamters","line":75,"loc":{"start":{"line":75,"column":4},"end":{"line":84,"column":4}}},"4":{"name":"calculateDynamicFee","line":87,"loc":{"start":{"line":87,"column":4},"end":{"line":89,"column":4}}},"5":{"name":"createAuction","line":95,"loc":{"start":{"line":95,"column":4},"end":{"line":130,"column":4}}},"6":{"name":"placeBid","line":132,"loc":{"start":{"line":132,"column":4},"end":{"line":134,"column":4}}},"7":{"name":"endAuction","line":136,"loc":{"start":{"line":136,"column":4},"end":{"line":140,"column":4}}},"8":{"name":"sendCrossChainBid","line":147,"loc":{"start":{"line":147,"column":4},"end":{"line":149,"column":4}}},"9":{"name":"ccipReceive","line":151,"loc":{"start":{"line":151,"column":4},"end":{"line":155,"column":4}}},"10":{"name":"executeCrossChainBid","line":158,"loc":{"start":{"line":158,"column":4},"end":{"line":160,"column":4}}},"11":{"name":"setAllowedSourceChain","line":162,"loc":{"start":{"line":162,"column":4},"end":{"line":164,"column":4}}},"12":{"name":"setCCIPRouter","line":166,"loc":{"start":{"line":166,"column":4},"end":{"line":168,"column":4}}},"13":{"name":"pause","line":170,"loc":{"start":{"line":170,"column":4},"end":{"line":172,"column":4}}},"14":{"name":"unpause","line":174,"loc":{"start":{"line":174,"column":4},"end":{"line":176,"column":4}}},"15":{"name":"emergencyWithdraw","line":178,"loc":{"start":{"line":178,"column":4},"end":{"line":184,"column":4}}},"16":{"name":"emergencyWithdrawNFT","line":186,"loc":{"start":{"line":186,"column":4},"end":{"line":188,"column":4}}},"17":{"name":"_authorizeUpgrade","line":190,"loc":{"start":{"line":190,"column":4},"end":{"line":190,"column":83}}},"18":{"name":null,"line":193,"loc":{"start":{"line":193,"column":4},"end":{"line":193,"column":33}}}},"statementMap":{"1":{"start":{"line":51,"column":8},"end":{"line":51,"column":31}},"2":{"start":{"line":52,"column":8},"end":{"line":52,"column":29}},"3":{"start":{"line":53,"column":8},"end":{"line":53,"column":31}},"4":{"start":{"line":54,"column":8},"end":{"line":54,"column":24}},"5":{"start":{"line":56,"column":8},"end":{"line":56,"column":44}},"6":{"start":{"line":57,"column":8},"end":{"line":57,"column":36}},"7":{"start":{"line":58,"column":8},"end":{"line":58,"column":39}},"8":{"start":{"line":62,"column":8},"end":{"line":62,"column":47}},"9":{"start":{"line":76,"column":8},"end":{"line":76,"column":112}},"10":{"start":{"line":77,"column":8},"end":{"line":77,"column":58}},"11":{"start":{"line":88,"column":8},"end":{"line":88,"column":152}},"12":{"start":{"line":96,"column":8},"end":{"line":96,"column":75}},"13":{"start":{"line":97,"column":8},"end":{"line":97,"column":66}},"14":{"start":{"line":98,"column":8},"end":{"line":98,"column":126}},"15":{"start":{"line":100,"column":8},"end":{"line":100,"column":42}},"16":{"start":{"line":101,"column":8},"end":{"line":101,"column":77}},"17":{"start":{"line":102,"column":8},"end":{"line":102,"column":135}},"18":{"start":{"line":104,"column":8},"end":{"line":104,"column":57}},"19":{"start":{"line":106,"column":8},"end":{"line":106,"column":79}},"20":{"start":{"line":127,"column":8},"end":{"line":127,"column":72}},"21":{"start":{"line":133,"column":7},"end":{"line":133,"column":115}},"22":{"start":{"line":137,"column":7},"end":{"line":137,"column":68}},"23":{"start":{"line":138,"column":7},"end":{"line":138,"column":171}},"24":{"start":{"line":139,"column":7},"end":{"line":139,"column":80}},"25":{"start":{"line":148,"column":8},"end":{"line":148,"column":107}},"26":{"start":{"line":152,"column":8},"end":{"line":152,"column":76}},"27":{"start":{"line":153,"column":8},"end":{"line":153,"column":73}},"28":{"start":{"line":154,"column":8},"end":{"line":154,"column":86}},"29":{"start":{"line":159,"column":8},"end":{"line":159,"column":86}},"30":{"start":{"line":163,"column":8},"end":{"line":163,"column":58}},"31":{"start":{"line":167,"column":8},"end":{"line":167,"column":45}},"32":{"start":{"line":171,"column":8},"end":{"line":171,"column":15}},"33":{"start":{"line":175,"column":8},"end":{"line":175,"column":17}},"34":{"start":{"line":179,"column":8},"end":{"line":179,"column":7396}},"35":{"start":{"line":180,"column":12},"end":{"line":180,"column":48}},"36":{"start":{"line":182,"column":12},"end":{"line":182,"column":59}},"37":{"start":{"line":187,"column":8},"end":{"line":187,"column":71}}},"branchMap":{"1":{"line":50,"type":"if","locations":[{"start":{"line":50,"column":88},"end":{"line":50,"column":88}},{"start":{"line":50,"column":88},"end":{"line":50,"column":88}}]},"2":{"line":70,"type":"if","locations":[{"start":{"line":70,"column":84},"end":{"line":70,"column":84}},{"start":{"line":70,"column":84},"end":{"line":70,"column":84}}]},"3":{"line":75,"type":"if","locations":[{"start":{"line":75,"column":142},"end":{"line":75,"column":142}},{"start":{"line":75,"column":142},"end":{"line":75,"column":142}}]},"4":{"line":76,"type":"if","locations":[{"start":{"line":76,"column":8},"end":{"line":76,"column":8}},{"start":{"line":76,"column":8},"end":{"line":76,"column":8}}]},"5":{"line":77,"type":"if","locations":[{"start":{"line":77,"column":8},"end":{"line":77,"column":8}},{"start":{"line":77,"column":8},"end":{"line":77,"column":8}}]},"6":{"line":95,"type":"if","locations":[{"start":{"line":95,"column":137},"end":{"line":95,"column":137}},{"start":{"line":95,"column":137},"end":{"line":95,"column":137}}]},"7":{"line":95,"type":"if","locations":[{"start":{"line":95,"column":151},"end":{"line":95,"column":151}},{"start":{"line":95,"column":151},"end":{"line":95,"column":151}}]},"8":{"line":96,"type":"if","locations":[{"start":{"line":96,"column":8},"end":{"line":96,"column":8}},{"start":{"line":96,"column":8},"end":{"line":96,"column":8}}]},"9":{"line":97,"type":"if","locations":[{"start":{"line":97,"column":8},"end":{"line":97,"column":8}},{"start":{"line":97,"column":8},"end":{"line":97,"column":8}}]},"10":{"line":98,"type":"if","locations":[{"start":{"line":98,"column":8},"end":{"line":98,"column":8}},{"start":{"line":98,"column":8},"end":{"line":98,"column":8}}]},"11":{"line":98,"type":"cond-expr","locations":[{"start":{"line":98,"column":16},"end":{"line":98,"column":42}},{"start":{"line":98,"column":45},"end":{"line":98,"column":91}}]},"12":{"line":101,"type":"if","locations":[{"start":{"line":101,"column":8},"end":{"line":101,"column":8}},{"start":{"line":101,"column":8},"end":{"line":101,"column":8}}]},"13":{"line":102,"type":"if","locations":[{"start":{"line":102,"column":8},"end":{"line":102,"column":8}},{"start":{"line":102,"column":8},"end":{"line":102,"column":8}}]},"14":{"line":102,"type":"cond-expr","locations":[{"start":{"line":102,"column":16},"end":{"line":102,"column":62}},{"start":{"line":102,"column":66},"end":{"line":102,"column":103}}]},"15":{"line":132,"type":"if","locations":[{"start":{"line":132,"column":98},"end":{"line":132,"column":98}},{"start":{"line":132,"column":98},"end":{"line":132,"column":98}}]},"16":{"line":132,"type":"if","locations":[{"start":{"line":132,"column":112},"end":{"line":132,"column":112}},{"start":{"line":132,"column":112},"end":{"line":132,"column":112}}]},"17":{"line":136,"type":"if","locations":[{"start":{"line":136,"column":53},"end":{"line":136,"column":53}},{"start":{"line":136,"column":53},"end":{"line":136,"column":53}}]},"18":{"line":138,"type":"if","locations":[{"start":{"line":138,"column":7},"end":{"line":138,"column":7}},{"start":{"line":138,"column":7},"end":{"line":138,"column":7}}]},"19":{"line":138,"type":"cond-expr","locations":[{"start":{"line":138,"column":15},"end":{"line":138,"column":42}},{"start":{"line":138,"column":45},"end":{"line":138,"column":98}}]},"20":{"line":138,"type":"cond-expr","locations":[{"start":{"line":138,"column":15},"end":{"line":138,"column":98}},{"start":{"line":138,"column":101},"end":{"line":138,"column":130}}]},"21":{"line":147,"type":"if","locations":[{"start":{"line":147,"column":136},"end":{"line":147,"column":136}},{"start":{"line":147,"column":136},"end":{"line":147,"column":136}}]},"22":{"line":147,"type":"if","locations":[{"start":{"line":147,"column":151},"end":{"line":147,"column":151}},{"start":{"line":147,"column":151},"end":{"line":147,"column":151}}]},"23":{"line":152,"type":"if","locations":[{"start":{"line":152,"column":8},"end":{"line":152,"column":8}},{"start":{"line":152,"column":8},"end":{"line":152,"column":8}}]},"24":{"line":158,"type":"if","locations":[{"start":{"line":158,"column":62},"end":{"line":158,"column":62}},{"start":{"line":158,"column":62},"end":{"line":158,"column":62}}]},"25":{"line":162,"type":"if","locations":[{"start":{"line":162,"column":74},"end":{"line":162,"column":74}},{"start":{"line":162,"column":74},"end":{"line":162,"column":74}}]},"26":{"line":166,"type":"if","locations":[{"start":{"line":166,"column":57},"end":{"line":166,"column":57}},{"start":{"line":166,"column":57},"end":{"line":166,"column":57}}]},"27":{"line":170,"type":"if","locations":[{"start":{"line":170,"column":30},"end":{"line":170,"column":30}},{"start":{"line":170,"column":30},"end":{"line":170,"column":30}}]},"28":{"line":174,"type":"if","locations":[{"start":{"line":174,"column":32},"end":{"line":174,"column":32}},{"start":{"line":174,"column":32},"end":{"line":174,"column":32}}]},"29":{"line":178,"type":"if","locations":[{"start":{"line":178,"column":78},"end":{"line":178,"column":78}},{"start":{"line":178,"column":78},"end":{"line":178,"column":78}}]},"30":{"line":179,"type":"if","locations":[{"start":{"line":179,"column":8},"end":{"line":179,"column":8}},{"start":{"line":179,"column":8},"end":{"line":179,"column":8}}]},"31":{"line":186,"type":"if","locations":[{"start":{"line":186,"column":78},"end":{"line":186,"column":78}},{"start":{"line":186,"column":78},"end":{"line":186,"column":78}}]},"32":{"line":190,"type":"if","locations":[{"start":{"line":190,"column":58},"end":{"line":190,"column":58}},{"start":{"line":190,"column":58},"end":{"line":190,"column":58}}]}}},
"contracts\\PriceConverter.sol":{"l":{"8":16,"10":16,"11":16,"13":16,"14":16,"18":7,"20":7,"21":2,"23":4,"25":1},"path":"F:\\计算机学习资料\\Solidity学习\\Solidity\\Task_3\\contracts\\PriceConverter.sol","s":{"1":16,"2":16,"3":16,"4":16,"5":16,"6":7,"7":7,"8":2,"9":5,"10":4,"11":1},"b":{"1":[12,4],"2":[16,0],"3":[2,5],"4":[4,1]},"f":{"1":16,"2":7},"fnMap":{"1":{"name":"convertToUSD","line":7,"loc":{"start":{"line":7,"column":5},"end":{"line":15,"column":4}}},"2":{"name":"calculateDynamicFee","line":17,"loc":{"start":{"line":17,"column":4},"end":{"line":27,"column":4}}}},"statementMap":{"1":{"start":{"line":8,"column":8},"end":{"line":8,"column":106}},"2":{"start":{"line":10,"column":8},"end":{"line":10,"column":54}},"3":{"start":{"line":11,"column":8},"end":{"line":11,"column":39}},"4":{"start":{"line":13,"column":8},"end":{"line":13,"column":45}},"5":{"start":{"line":14,"column":8},"end":{"line":14,"column":56}},"6":{"start":{"line":18,"column":8},"end":{"line":18,"column":87}},"7":{"start":{"line":20,"column":8},"end":{"line":20,"column":1117}},"8":{"start":{"line":21,"column":12},"end":{"line":21,"column":35}},"9":{"start":{"line":22,"column":14},"end":{"line":22,"column":1195}},"10":{"start":{"line":23,"column":12},"end":{"line":23,"column":36}},"11":{"start":{"line":25,"column":12},"end":{"line":25,"column":35}}},"branchMap":{"1":{"line":8,"type":"if","locations":[{"start":{"line":8,"column":68},"end":{"line":8,"column":79}},{"start":{"line":8,"column":81},"end":{"line":8,"column":105}}]},"2":{"line":11,"type":"if","locations":[{"start":{"line":11,"column":8},"end":{"line":11,"column":8}},{"start":{"line":11,"column":8},"end":{"line":11,"column":8}}]},"3":{"line":20,"type":"if","locations":[{"start":{"line":20,"column":8},"end":{"line":20,"column":8}},{"start":{"line":20,"column":8},"end":{"line":20,"column":8}}]},"4":{"line":22,"type":"if","locations":[{"start":{"line":22,"column":14},"end":{"line":22,"column":14}},{"start":{"line":22,"column":14},"end":{"line":22,"column":14}}]}}}}
