TN:
SF:F:\计算机学习资料\Solidity学习\Solidity\Task_3\contracts\AuctionFactory.sol
FN:28,constructor
FN:37,createAuction
FN:52,createAuctionWithTransparentProxy
FN:81,updateImplementation
FN:87,updateDefaultPriceFeed
FN:91,updateDefaultCcipRouter
FN:95,getAuctions
FN:99,getAuctionCount
FN:104,pause
FN:108,unpause
FNF:10
FNH:4
FNDA:10,constructor
FNDA:12,createAuction
FNDA:1,createAuctionWithTransparentProxy
FNDA:0,updateImplementation
FNDA:0,updateDefaultPriceFeed
FNDA:0,updateDefaultCcipRouter
FNDA:0,getAuctions
FNDA:2,getAuctionCount
FNDA:0,pause
FNDA:0,unpause
DA:30,10
DA:31,10
DA:32,10
DA:34,10
DA:38,12
DA:39,12
DA:45,12
DA:46,12
DA:47,12
DA:48,12
DA:53,1
DA:61,1
DA:67,1
DA:73,1
DA:74,1
DA:76,1
DA:77,1
DA:82,0
DA:83,0
DA:84,0
DA:88,0
DA:92,0
DA:96,0
DA:100,2
DA:105,0
DA:109,0
LF:26
LH:18
BRDA:37,1,0,12
BRDA:37,1,1,0
BRDA:52,2,0,1
BRDA:52,2,1,0
BRDA:81,3,0,0
BRDA:81,3,1,0
BRDA:87,4,0,0
BRDA:87,4,1,0
BRDA:91,5,0,0
BRDA:91,5,1,0
BRDA:104,6,0,0
BRDA:104,6,1,0
BRDA:108,7,0,0
BRDA:108,7,1,0
BRF:14
BRH:2
end_of_record
TN:
SF:F:\计算机学习资料\Solidity学习\Solidity\Task_3\contracts\AuctionHandler.sol
FN:30,placeBid
FN:63,endAuction
FNF:2
FNH:2
FNDA:3,placeBid
FNDA:1,endAuction
DA:31,3
DA:32,3
DA:34,3
DA:35,3
DA:36,3
DA:39,3
DA:41,3
DA:42,2
DA:45,1
DA:48,3
DA:49,0
DA:50,0
DA:52,0
DA:56,3
DA:57,3
DA:58,3
DA:60,3
DA:64,1
DA:65,1
DA:67,1
DA:69,1
DA:70,1
DA:71,1
DA:73,1
DA:75,1
DA:76,1
DA:77,1
DA:79,0
DA:80,0
DA:83,1
DA:84,1
DA:86,0
DA:87,0
LF:33
LH:26
BRDA:32,1,0,3
BRDA:32,1,1,0
BRDA:39,2,0,3
BRDA:39,2,1,0
BRDA:41,3,0,2
BRDA:41,3,1,1
BRDA:42,4,0,2
BRDA:42,4,1,0
BRDA:48,5,0,0
BRDA:48,5,1,3
BRDA:49,6,0,0
BRDA:49,6,1,0
BRDA:65,7,0,1
BRDA:65,7,1,0
BRDA:69,8,0,1
BRDA:69,8,1,0
BRDA:75,9,0,1
BRDA:75,9,1,0
BRF:18
BRH:9
end_of_record
TN:
SF:F:\计算机学习资料\Solidity学习\Solidity\Task_3\contracts\CrossChainHandler.sol
FN:31,initializeCCIP
FN:40,sendCrossChainBid
FN:85,receiveCrossChainMessage
FN:104,executeCrossChainBid
FN:138,markBidExecuted
FN:144,getCrossChainBid
FN:148,setAllowedSourceChain
FN:152,setCCIPRouter
FN:156,isSourceChainAllowde
FNF:9
FNH:1
FNDA:13,initializeCCIP
FNDA:0,sendCrossChainBid
FNDA:0,receiveCrossChainMessage
FNDA:0,executeCrossChainBid
FNDA:0,markBidExecuted
FNDA:0,getCrossChainBid
FNDA:0,setAllowedSourceChain
FNDA:0,setCCIPRouter
FNDA:0,isSourceChainAllowde
DA:32,13
DA:34,13
DA:35,13
DA:36,13
DA:37,13
DA:41,0
DA:43,0
DA:44,0
DA:46,0
DA:49,0
DA:63,0
DA:65,0
DA:66,0
DA:68,0
DA:71,0
DA:73,0
DA:82,0
DA:86,0
DA:88,0
DA:91,0
DA:100,0
DA:101,0
DA:105,0
DA:106,0
DA:108,0
DA:109,0
DA:110,0
DA:111,0
DA:114,0
DA:115,0
DA:116,0
DA:118,0
DA:119,0
DA:120,0
DA:121,0
DA:123,0
DA:127,0
DA:128,0
DA:129,0
DA:131,0
DA:134,0
DA:135,0
DA:139,0
DA:140,0
DA:141,0
DA:145,0
DA:149,0
DA:153,0
DA:157,0
LF:49
LH:5
BRDA:41,1,0,0
BRDA:41,1,1,0
BRDA:43,2,0,0
BRDA:43,2,1,0
BRDA:46,3,0,0
BRDA:46,3,1,0
BRDA:65,4,0,0
BRDA:65,4,1,0
BRDA:66,5,0,0
BRDA:66,5,1,0
BRDA:68,6,0,0
BRDA:68,6,1,0
BRDA:86,7,0,0
BRDA:86,7,1,0
BRDA:106,8,0,0
BRDA:106,8,1,0
BRDA:109,9,0,0
BRDA:109,9,1,0
BRDA:109,10,0,0
BRDA:109,10,1,0
BRDA:118,11,0,0
BRDA:118,11,1,0
BRDA:119,12,0,0
BRDA:119,12,1,0
BRDA:120,13,0,0
BRDA:120,13,1,0
BRDA:139,14,0,0
BRDA:139,14,1,0
BRF:28
BRH:0
end_of_record
TN:
SF:F:\计算机学习资料\Solidity学习\Solidity\Task_3\contracts\Mocks\MockCCIPRouter.sol
FN:9,ccipSend
FN:17,getFee
FNF:2
FNH:0
FNDA:0,ccipSend
FNDA:0,getFee
DA:10,0
DA:12,0
DA:14,0
DA:18,0
LF:4
LH:0
BRF:0
BRH:0
end_of_record
TN:
SF:F:\计算机学习资料\Solidity学习\Solidity\Task_3\contracts\Mocks\MockERC20.sol
FN:9,constructor
FN:13,decimals
FN:17,mint
FNF:3
FNH:2
FNDA:10,constructor
FNDA:0,decimals
FNDA:20,mint
DA:10,10
DA:14,0
DA:18,20
LF:3
LH:2
BRF:0
BRH:0
end_of_record
TN:
SF:F:\计算机学习资料\Solidity学习\Solidity\Task_3\contracts\Mocks\MockPriceFeed.sol
FN:8,constructor
FN:13,latestRoundData
FN:17,decimals
FN:21,setPrice
FNF:4
FNH:4
FNDA:20,constructor
FNDA:16,latestRoundData
FNDA:16,decimals
FNDA:20,setPrice
DA:9,20
DA:10,20
DA:14,16
DA:18,16
DA:22,20
LF:5
LH:5
BRF:0
BRH:0
end_of_record
TN:
SF:F:\计算机学习资料\Solidity学习\Solidity\Task_3\contracts\NFT.sol
FN:20,constructor
FN:29,mintNFT
FN:38,addMinter
FN:43,removeMinter
FN:47,tokenURI
FN:51,supportsInterface
FNF:6
FNH:2
FNDA:10,constructor
FNDA:11,mintNFT
FNDA:0,addMinter
FNDA:0,removeMinter
FNDA:0,tokenURI
FNDA:0,supportsInterface
DA:23,10
DA:24,10
DA:25,10
DA:31,11
DA:32,11
DA:33,11
DA:39,0
DA:44,0
DA:48,0
DA:52,0
LF:10
LH:6
BRDA:29,1,0,11
BRDA:29,1,1,0
BRDA:38,2,0,0
BRDA:38,2,1,0
BRDA:43,3,0,0
BRDA:43,3,1,0
BRF:6
BRH:1
end_of_record
TN:
SF:F:\计算机学习资料\Solidity学习\Solidity\Task_3\contracts\NFTAuction.sol
FN:50,initialize
FN:70,setPriceFeed
FN:75,setFeeParamters
FN:87,calculateDynamicFee
FN:95,createAuction
FN:132,placeBid
FN:136,endAuction
FN:147,sendCrossChainBid
FN:151,ccipReceive
FN:158,executeCrossChainBid
FN:162,setAllowedSourceChain
FN:166,setCCIPRouter
FN:170,pause
FN:174,unpause
FN:178,emergencyWithdraw
FN:186,emergencyWithdrawNFT
FN:190,_authorizeUpgrade
FN:193,
FNF:18
FNH:7
FNDA:13,initialize
FNDA:10,setPriceFeed
FNDA:0,setFeeParamters
FNDA:7,calculateDynamicFee
FNDA:4,createAuction
FNDA:3,placeBid
FNDA:1,endAuction
FNDA:0,sendCrossChainBid
FNDA:0,ccipReceive
FNDA:0,executeCrossChainBid
FNDA:0,setAllowedSourceChain
FNDA:0,setCCIPRouter
FNDA:1,pause
FNDA:0,unpause
FNDA:0,emergencyWithdraw
FNDA:0,emergencyWithdrawNFT
FNDA:0,_authorizeUpgrade
FNDA:0,
DA:51,13
DA:52,13
DA:53,13
DA:54,13
DA:56,13
DA:57,13
DA:58,13
DA:60,13
DA:61,13
DA:62,13
DA:63,13
DA:65,13
DA:66,13
DA:67,13
DA:71,10
DA:76,0
DA:77,0
DA:80,0
DA:81,0
DA:82,0
DA:83,0
DA:88,7
DA:96,4
DA:97,4
DA:98,4
DA:100,4
DA:101,4
DA:102,4
DA:104,4
DA:106,4
DA:109,4
DA:127,4
DA:128,4
DA:133,3
DA:137,1
DA:138,1
DA:139,1
DA:148,0
DA:152,0
DA:153,0
DA:154,0
DA:159,0
DA:163,0
DA:167,0
DA:171,1
DA:175,0
DA:179,0
DA:180,0
DA:182,0
DA:187,0
LF:50
LH:32
BRDA:50,1,0,13
BRDA:50,1,1,0
BRDA:70,2,0,10
BRDA:70,2,1,1
BRDA:75,3,0,0
BRDA:75,3,1,0
BRDA:76,4,0,0
BRDA:76,4,1,0
BRDA:77,5,0,0
BRDA:77,5,1,0
BRDA:95,6,0,4
BRDA:95,6,1,1
BRDA:95,7,0,4
BRDA:95,7,1,0
BRDA:96,8,0,4
BRDA:96,8,1,0
BRDA:97,9,0,4
BRDA:97,9,1,0
BRDA:98,10,0,4
BRDA:98,10,1,0
BRDA:98,11,0,3
BRDA:98,11,1,1
BRDA:101,12,0,4
BRDA:101,12,1,0
BRDA:102,13,0,4
BRDA:102,13,1,0
BRDA:102,14,0,0
BRDA:102,14,1,4
BRDA:132,15,0,3
BRDA:132,15,1,0
BRDA:132,16,0,3
BRDA:132,16,1,0
BRDA:136,17,0,1
BRDA:136,17,1,0
BRDA:138,18,0,1
BRDA:138,18,1,0
BRDA:138,19,0,1
BRDA:138,19,1,0
BRDA:138,20,0,0
BRDA:138,20,1,0
BRDA:147,21,0,0
BRDA:147,21,1,0
BRDA:147,22,0,0
BRDA:147,22,1,0
BRDA:152,23,0,0
BRDA:152,23,1,0
BRDA:158,24,0,0
BRDA:158,24,1,0
BRDA:162,25,0,0
BRDA:162,25,1,0
BRDA:166,26,0,0
BRDA:166,26,1,0
BRDA:170,27,0,1
BRDA:170,27,1,1
BRDA:174,28,0,0
BRDA:174,28,1,0
BRDA:178,29,0,0
BRDA:178,29,1,0
BRDA:179,30,0,0
BRDA:179,30,1,0
BRDA:186,31,0,0
BRDA:186,31,1,0
BRDA:190,32,0,0
BRDA:190,32,1,0
BRF:64
BRH:21
end_of_record
TN:
SF:F:\计算机学习资料\Solidity学习\Solidity\Task_3\contracts\PriceConverter.sol
FN:7,convertToUSD
FN:17,calculateDynamicFee
FNF:2
FNH:2
FNDA:16,convertToUSD
FNDA:7,calculateDynamicFee
DA:8,16
DA:10,16
DA:11,16
DA:13,16
DA:14,16
DA:18,7
DA:20,7
DA:21,2
DA:23,4
DA:25,1
LF:10
LH:10
BRDA:8,1,0,12
BRDA:8,1,1,4
BRDA:11,2,0,16
BRDA:11,2,1,0
BRDA:20,3,0,2
BRDA:20,3,1,5
BRDA:22,4,0,4
BRDA:22,4,1,1
BRF:8
BRH:7
end_of_record
